INFO 2021-07-23 23:02:53,496 basehttp 154 "GET / HTTP/1.1" 200 4
INFO 2021-07-23 23:04:42,207 urls 25 info
INFO 2021-07-23 23:04:42,208 basehttp 154 "GET / HTTP/1.1" 200 4
INFO 2021-07-23 23:08:14,415 urls 25 info
INFO 2021-07-23 23:08:14,415 basehttp 154 "GET / HTTP/1.1" 200 4
INFO 2021-07-23 23:08:23,108 basehttp 154 "GET /static/index.html HTTP/1.1" 200 12002
INFO 2021-07-23 23:08:23,126 basehttp 154 "GET /static/md_css/monokai.css HTTP/1.1" 200 4118
INFO 2021-07-23 23:08:23,127 basehttp 154 "GET /static/bootstrap/css/bootstrap.min.css HTTP/1.1" 200 140942
INFO 2021-07-23 23:08:23,143 basehttp 154 "GET /static/common/jquery.pagination.css HTTP/1.1" 200 523
INFO 2021-07-23 23:08:23,144 basehttp 154 "GET /static/common/common.css HTTP/1.1" 200 381
INFO 2021-07-23 23:08:23,144 basehttp 154 "GET /static/js/axios-0.18.0.min.js HTTP/1.1" 200 12941
INFO 2021-07-23 23:08:23,145 basehttp 154 "GET /static/js/jquery-1.12.4.min.js HTTP/1.1" 200 97163
INFO 2021-07-23 23:08:23,146 basehttp 154 "GET /static/js/vue-2.5.16.js HTTP/1.1" 200 289307
INFO 2021-07-23 23:08:23,164 basehttp 154 "GET /static/js/host.js HTTP/1.1" 200 35
INFO 2021-07-23 23:08:23,168 basehttp 154 "GET /static/js/common.js HTTP/1.1" 200 891
INFO 2021-07-23 23:08:23,174 basehttp 154 "GET /static/js/index.js HTTP/1.1" 200 530
INFO 2021-07-23 23:08:23,177 basehttp 154 "GET /static/js/jquery.pagination.min.js HTTP/1.1" 200 2935
INFO 2021-07-23 23:08:23,181 basehttp 154 "GET /static/img/1.jpg HTTP/1.1" 200 78682
INFO 2021-07-23 23:08:35,401 basehttp 154 "GET /static/404.html HTTP/1.1" 200 1177
INFO 2021-07-23 23:08:35,421 basehttp 154 "GET /static/img/404.png HTTP/1.1" 200 107422
INFO 2021-07-23 23:22:06,650 basehttp 154 "GET /register HTTP/1.1" 301 0
INFO 2021-07-23 23:22:06,666 basehttp 154 "GET /register/ HTTP/1.1" 200 5131
WARNING 2021-07-23 23:22:06,686 log 222 Not Found: /register/bootstrap/css/bootstrap.min.css
WARNING 2021-07-23 23:22:06,687 log 222 Not Found: /register/js/vue-2.5.16.js
WARNING 2021-07-23 23:22:06,689 basehttp 154 "GET /register/bootstrap/css/bootstrap.min.css HTTP/1.1" 404 2232
WARNING 2021-07-23 23:22:06,691 log 222 Not Found: /register/js/axios-0.18.0.min.js
WARNING 2021-07-23 23:22:06,692 basehttp 154 "GET /register/js/vue-2.5.16.js HTTP/1.1" 404 2187
WARNING 2021-07-23 23:22:06,693 basehttp 154 "GET /register/js/axios-0.18.0.min.js HTTP/1.1" 404 2205
WARNING 2021-07-23 23:22:06,698 log 222 Not Found: /register/js/host.js
WARNING 2021-07-23 23:22:06,702 log 222 Not Found: /register/js/common.js
WARNING 2021-07-23 23:22:06,703 log 222 Not Found: /register/js/register.js
WARNING 2021-07-23 23:22:06,703 basehttp 154 "GET /register/js/host.js HTTP/1.1" 404 2169
WARNING 2021-07-23 23:22:06,705 basehttp 154 "GET /register/js/register.js HTTP/1.1" 404 2181
WARNING 2021-07-23 23:22:06,707 log 222 Not Found: /register/img/image_code.png
WARNING 2021-07-23 23:22:06,707 basehttp 154 "GET /register/js/common.js HTTP/1.1" 404 2175
WARNING 2021-07-23 23:22:06,708 basehttp 154 "GET /register/img/image_code.png HTTP/1.1" 404 2193
WARNING 2021-07-23 23:22:06,714 log 222 Not Found: /register/js/register.js
WARNING 2021-07-23 23:22:06,714 basehttp 154 "GET /register/js/register.js HTTP/1.1" 404 2181
INFO 2021-07-23 23:22:13,886 basehttp 154 "GET /register/ HTTP/1.1" 200 5131
WARNING 2021-07-23 23:22:13,905 log 222 Not Found: /register/bootstrap/css/bootstrap.min.css
WARNING 2021-07-23 23:22:13,908 log 222 Not Found: /register/js/vue-2.5.16.js
WARNING 2021-07-23 23:22:13,909 log 222 Not Found: /register/js/axios-0.18.0.min.js
WARNING 2021-07-23 23:22:13,910 basehttp 154 "GET /register/bootstrap/css/bootstrap.min.css HTTP/1.1" 404 2232
WARNING 2021-07-23 23:22:13,910 basehttp 154 "GET /register/js/vue-2.5.16.js HTTP/1.1" 404 2187
WARNING 2021-07-23 23:22:13,911 basehttp 154 "GET /register/js/axios-0.18.0.min.js HTTP/1.1" 404 2205
WARNING 2021-07-23 23:22:13,919 log 222 Not Found: /register/js/host.js
WARNING 2021-07-23 23:22:13,924 log 222 Not Found: /register/img/image_code.png
WARNING 2021-07-23 23:22:13,927 log 222 Not Found: /register/js/common.js
WARNING 2021-07-23 23:22:13,930 log 222 Not Found: /register/js/register.js
WARNING 2021-07-23 23:22:13,930 basehttp 154 "GET /register/js/host.js HTTP/1.1" 404 2169
WARNING 2021-07-23 23:22:13,930 basehttp 154 "GET /register/img/image_code.png HTTP/1.1" 404 2193
WARNING 2021-07-23 23:22:13,931 basehttp 154 "GET /register/js/common.js HTTP/1.1" 404 2175
WARNING 2021-07-23 23:22:13,932 basehttp 154 "GET /register/js/register.js HTTP/1.1" 404 2181
INFO 2021-07-23 23:22:45,256 basehttp 154 "GET /register/ HTTP/1.1" 200 5131
WARNING 2021-07-23 23:22:45,273 log 222 Not Found: /register/js/vue-2.5.16.js
WARNING 2021-07-23 23:22:45,274 log 222 Not Found: /register/js/axios-0.18.0.min.js
WARNING 2021-07-23 23:22:45,276 log 222 Not Found: /register/bootstrap/css/bootstrap.min.css
WARNING 2021-07-23 23:22:45,277 basehttp 154 "GET /register/js/vue-2.5.16.js HTTP/1.1" 404 2187
WARNING 2021-07-23 23:22:45,278 basehttp 154 "GET /register/js/axios-0.18.0.min.js HTTP/1.1" 404 2205
WARNING 2021-07-23 23:22:45,278 basehttp 154 "GET /register/bootstrap/css/bootstrap.min.css HTTP/1.1" 404 2232
WARNING 2021-07-23 23:22:45,284 log 222 Not Found: /register/js/host.js
WARNING 2021-07-23 23:22:45,301 log 222 Not Found: /register/js/axios-0.18.0.min.js
WARNING 2021-07-23 23:22:45,302 log 222 Not Found: /register/js/common.js
WARNING 2021-07-23 23:22:45,302 basehttp 154 "GET /register/js/host.js HTTP/1.1" 404 2169
WARNING 2021-07-23 23:22:45,303 basehttp 154 "GET /register/js/axios-0.18.0.min.js HTTP/1.1" 404 2205
WARNING 2021-07-23 23:22:45,303 basehttp 154 "GET /register/js/common.js HTTP/1.1" 404 2175
WARNING 2021-07-23 23:22:45,316 log 222 Not Found: /register/js/register.js
WARNING 2021-07-23 23:22:45,318 log 222 Not Found: /register/img/image_code.png
WARNING 2021-07-23 23:22:45,319 basehttp 154 "GET /register/js/register.js HTTP/1.1" 404 2181
WARNING 2021-07-23 23:22:45,321 log 222 Not Found: /register/js/host.js
WARNING 2021-07-23 23:22:45,321 basehttp 154 "GET /register/img/image_code.png HTTP/1.1" 404 2193
WARNING 2021-07-23 23:22:45,321 basehttp 154 "GET /register/js/host.js HTTP/1.1" 404 2169
WARNING 2021-07-23 23:22:45,331 log 222 Not Found: /register/js/common.js
WARNING 2021-07-23 23:22:45,331 basehttp 154 "GET /register/js/common.js HTTP/1.1" 404 2175
WARNING 2021-07-23 23:22:45,338 log 222 Not Found: /register/js/register.js
WARNING 2021-07-23 23:22:45,338 basehttp 154 "GET /register/js/register.js HTTP/1.1" 404 2181
INFO 2021-07-23 23:22:46,178 basehttp 154 "GET /register/ HTTP/1.1" 200 5131
WARNING 2021-07-23 23:22:46,195 log 222 Not Found: /register/bootstrap/css/bootstrap.min.css
WARNING 2021-07-23 23:22:46,197 basehttp 154 "GET /register/bootstrap/css/bootstrap.min.css HTTP/1.1" 404 2232
WARNING 2021-07-23 23:22:46,199 log 222 Not Found: /register/js/axios-0.18.0.min.js
WARNING 2021-07-23 23:22:46,200 log 222 Not Found: /register/js/vue-2.5.16.js
WARNING 2021-07-23 23:22:46,201 basehttp 154 "GET /register/js/axios-0.18.0.min.js HTTP/1.1" 404 2205
WARNING 2021-07-23 23:22:46,201 basehttp 154 "GET /register/js/vue-2.5.16.js HTTP/1.1" 404 2187
WARNING 2021-07-23 23:22:46,208 log 222 Not Found: /register/js/host.js
WARNING 2021-07-23 23:22:46,211 log 222 Not Found: /register/js/axios-0.18.0.min.js
WARNING 2021-07-23 23:22:46,211 basehttp 154 "GET /register/js/axios-0.18.0.min.js HTTP/1.1" 404 2205
WARNING 2021-07-23 23:22:46,211 basehttp 154 "GET /register/js/host.js HTTP/1.1" 404 2169
WARNING 2021-07-23 23:22:46,213 log 222 Not Found: /register/js/common.js
WARNING 2021-07-23 23:22:46,214 basehttp 154 "GET /register/js/common.js HTTP/1.1" 404 2175
WARNING 2021-07-23 23:22:46,220 log 222 Not Found: /register/js/register.js
WARNING 2021-07-23 23:22:46,223 log 222 Not Found: /register/img/image_code.png
WARNING 2021-07-23 23:22:46,224 log 222 Not Found: /register/js/host.js
WARNING 2021-07-23 23:22:46,226 basehttp 154 "GET /register/js/register.js HTTP/1.1" 404 2181
WARNING 2021-07-23 23:22:46,226 basehttp 154 "GET /register/img/image_code.png HTTP/1.1" 404 2193
WARNING 2021-07-23 23:22:46,227 basehttp 154 "GET /register/js/host.js HTTP/1.1" 404 2169
WARNING 2021-07-23 23:22:46,236 log 222 Not Found: /register/js/common.js
WARNING 2021-07-23 23:22:46,236 basehttp 154 "GET /register/js/common.js HTTP/1.1" 404 2175
WARNING 2021-07-23 23:22:46,244 log 222 Not Found: /register/js/register.js
WARNING 2021-07-23 23:22:46,244 basehttp 154 "GET /register/js/register.js HTTP/1.1" 404 2181
INFO 2021-07-23 23:25:54,357 basehttp 154 "GET /register/ HTTP/1.1" 200 5131
WARNING 2021-07-23 23:25:54,385 log 222 Not Found: /register/bootstrap/css/bootstrap.min.css
WARNING 2021-07-23 23:25:54,386 log 222 Not Found: /register/js/axios-0.18.0.min.js
WARNING 2021-07-23 23:25:54,388 log 222 Not Found: /register/js/vue-2.5.16.js
WARNING 2021-07-23 23:25:54,389 basehttp 154 "GET /register/bootstrap/css/bootstrap.min.css HTTP/1.1" 404 2232
WARNING 2021-07-23 23:25:54,390 basehttp 154 "GET /register/js/axios-0.18.0.min.js HTTP/1.1" 404 2205
WARNING 2021-07-23 23:25:54,390 basehttp 154 "GET /register/js/vue-2.5.16.js HTTP/1.1" 404 2187
WARNING 2021-07-23 23:25:54,401 log 222 Not Found: /register/js/host.js
WARNING 2021-07-23 23:25:54,402 log 222 Not Found: /register/js/common.js
WARNING 2021-07-23 23:25:54,403 log 222 Not Found: /register/js/axios-0.18.0.min.js
WARNING 2021-07-23 23:25:54,405 basehttp 154 "GET /register/js/host.js HTTP/1.1" 404 2169
WARNING 2021-07-23 23:25:54,405 basehttp 154 "GET /register/js/common.js HTTP/1.1" 404 2175
WARNING 2021-07-23 23:25:54,405 basehttp 154 "GET /register/js/axios-0.18.0.min.js HTTP/1.1" 404 2205
WARNING 2021-07-23 23:25:54,414 log 222 Not Found: /register/js/register.js
WARNING 2021-07-23 23:25:54,416 log 222 Not Found: /register/img/image_code.png
WARNING 2021-07-23 23:25:54,416 basehttp 154 "GET /register/js/register.js HTTP/1.1" 404 2181
WARNING 2021-07-23 23:25:54,417 basehttp 154 "GET /register/img/image_code.png HTTP/1.1" 404 2193
WARNING 2021-07-23 23:25:54,419 log 222 Not Found: /register/js/host.js
WARNING 2021-07-23 23:25:54,420 basehttp 154 "GET /register/js/host.js HTTP/1.1" 404 2169
WARNING 2021-07-23 23:25:54,428 log 222 Not Found: /register/js/common.js
WARNING 2021-07-23 23:25:54,428 basehttp 154 "GET /register/js/common.js HTTP/1.1" 404 2175
WARNING 2021-07-23 23:25:54,436 log 222 Not Found: /register/js/register.js
WARNING 2021-07-23 23:25:54,436 basehttp 154 "GET /register/js/register.js HTTP/1.1" 404 2181
